  dllmain.cpp
  GTServer.cpp
  IOCPWrapper.cpp
C:\Program Files (x86)\Windows Kits\8.1\Include\shared\ws2def.h(100): warning C4005: 'AF_IPX': macro redefinition
  C:\Program Files (x86)\Windows Kits\8.1\Include\um\winsock.h(452): note: see previous definition of 'AF_IPX'
C:\Program Files (x86)\Windows Kits\8.1\Include\shared\ws2def.h(140): warning C4005: 'AF_MAX': macro redefinition
  C:\Program Files (x86)\Windows Kits\8.1\Include\um\winsock.h(471): note: see previous definition of 'AF_MAX'
C:\Program Files (x86)\Windows Kits\8.1\Include\shared\ws2def.h(177): warning C4005: 'SO_DONTLINGER': macro redefinition
  C:\Program Files (x86)\Windows Kits\8.1\Include\um\winsock.h(394): note: see previous definition of 'SO_DONTLINGER'
C:\Program Files (x86)\Windows Kits\8.1\Include\shared\ws2def.h(221): error C2011: 'sockaddr': 'struct' type redefinition
  C:\Program Files (x86)\Windows Kits\8.1\Include\um\winsock.h(1002): note: see declaration of 'sockaddr'
C:\Program Files (x86)\Windows Kits\8.1\Include\shared\ws2def.h(421): error C2059: syntax error: 'constant'
C:\Program Files (x86)\Windows Kits\8.1\Include\shared\ws2def.h(421): error C3805: 'constant': unexpected token, expected either '}' or a ','
C:\Program Files (x86)\Windows Kits\8.1\Include\shared\ws2def.h(556): warning C4005: 'IN_CLASSA': macro redefinition
  C:\Program Files (x86)\Windows Kits\8.1\Include\um\winsock.h(279): note: see previous definition of 'IN_CLASSA'
C:\Program Files (x86)\Windows Kits\8.1\Include\shared\ws2def.h(562): warning C4005: 'IN_CLASSB': macro redefinition
  C:\Program Files (x86)\Windows Kits\8.1\Include\um\winsock.h(285): note: see previous definition of 'IN_CLASSB'
C:\Program Files (x86)\Windows Kits\8.1\Include\shared\ws2def.h(568): warning C4005: 'IN_CLASSC': macro redefinition
  C:\Program Files (x86)\Windows Kits\8.1\Include\um\winsock.h(291): note: see previous definition of 'IN_CLASSC'
C:\Program Files (x86)\Windows Kits\8.1\Include\shared\ws2def.h(579): warning C4005: 'INADDR_ANY': macro redefinition
  C:\Program Files (x86)\Windows Kits\8.1\Include\um\winsock.h(296): note: see previous definition of 'INADDR_ANY'
C:\Program Files (x86)\Windows Kits\8.1\Include\shared\ws2def.h(581): warning C4005: 'INADDR_BROADCAST': macro redefinition
  C:\Program Files (x86)\Windows Kits\8.1\Include\um\winsock.h(298): note: see previous definition of 'INADDR_BROADCAST'
C:\Program Files (x86)\Windows Kits\8.1\Include\shared\ws2def.h(615): error C2011: 'sockaddr_in': 'struct' type redefinition
  C:\Program Files (x86)\Windows Kits\8.1\Include\um\winsock.h(1006): note: see declaration of 'sockaddr_in'
C:\Program Files (x86)\Windows Kits\8.1\Include\um\WinSock2.h(136): error C2011: 'fd_set': 'struct' type redefinition
  C:\Program Files (x86)\Windows Kits\8.1\Include\um\winsock.h(1014): note: see declaration of 'fd_set'
C:\Program Files (x86)\Windows Kits\8.1\Include\um\WinSock2.h(156): warning C4005: 'FD_CLR': macro redefinition
  C:\Program Files (x86)\Windows Kits\8.1\Include\um\winsock.h(89): note: see previous definition of 'FD_CLR'
C:\Program Files (x86)\Windows Kits\8.1\Include\um\WinSock2.h(171): warning C4005: 'FD_SET': macro redefinition
  C:\Program Files (x86)\Windows Kits\8.1\Include\um\winsock.h(94): note: see previous definition of 'FD_SET'
C:\Program Files (x86)\Windows Kits\8.1\Include\um\WinSock2.h(180): error C2011: 'timeval': 'struct' type redefinition
  C:\Program Files (x86)\Windows Kits\8.1\Include\um\winsock.h(1030): note: see declaration of 'timeval'
C:\Program Files (x86)\Windows Kits\8.1\Include\um\WinSock2.h(236): error C2011: 'hostent': 'struct' type redefinition
  C:\Program Files (x86)\Windows Kits\8.1\Include\um\winsock.h(1018): note: see declaration of 'hostent'
C:\Program Files (x86)\Windows Kits\8.1\Include\um\WinSock2.h(249): error C2011: 'netent': 'struct' type redefinition
  C:\Program Files (x86)\Windows Kits\8.1\Include\um\winsock.h(172): note: see declaration of 'netent'
C:\Program Files (x86)\Windows Kits\8.1\Include\um\WinSock2.h(256): error C2011: 'servent': 'struct' type redefinition
  C:\Program Files (x86)\Windows Kits\8.1\Include\um\winsock.h(1022): note: see declaration of 'servent'
C:\Program Files (x86)\Windows Kits\8.1\Include\um\WinSock2.h(268): error C2011: 'protoent': 'struct' type redefinition
  C:\Program Files (x86)\Windows Kits\8.1\Include\um\winsock.h(1026): note: see declaration of 'protoent'
C:\Program Files (x86)\Windows Kits\8.1\Include\um\WinSock2.h(364): error C2011: 'WSAData': 'struct' type redefinition
  C:\Program Files (x86)\Windows Kits\8.1\Include\um\winsock.h(314): note: see declaration of 'WSAData'
C:\Program Files (x86)\Windows Kits\8.1\Include\um\WinSock2.h(462): error C2011: 'sockproto': 'struct' type redefinition
  C:\Program Files (x86)\Windows Kits\8.1\Include\um\winsock.h(486): note: see declaration of 'sockproto'
C:\Program Files (x86)\Windows Kits\8.1\Include\um\WinSock2.h(504): error C2011: 'linger': 'struct' type redefinition
  C:\Program Files (x86)\Windows Kits\8.1\Include\um\winsock.h(1010): note: see declaration of 'linger'
C:\Program Files (x86)\Windows Kits\8.1\Include\um\WinSock2.h(517): warning C4005: 'SOMAXCONN': macro redefinition
  C:\Program Files (x86)\Windows Kits\8.1\Include\um\winsock.h(536): note: see previous definition of 'SOMAXCONN'
C:\Program Files (x86)\Windows Kits\8.1\Include\um\WinSock2.h(551): warning C4005: 'FD_READ': macro redefinition
  C:\Program Files (x86)\Windows Kits\8.1\Include\um\winsock.h(554): note: see previous definition of 'FD_READ'
C:\Program Files (x86)\Windows Kits\8.1\Include\um\WinSock2.h(554): warning C4005: 'FD_WRITE': macro redefinition
  C:\Program Files (x86)\Windows Kits\8.1\Include\um\winsock.h(555): note: see previous definition of 'FD_WRITE'
C:\Program Files (x86)\Windows Kits\8.1\Include\um\WinSock2.h(557): warning C4005: 'FD_OOB': macro redefinition
  C:\Program Files (x86)\Windows Kits\8.1\Include\um\winsock.h(556): note: see previous definition of 'FD_OOB'
C:\Program Files (x86)\Windows Kits\8.1\Include\um\WinSock2.h(560): warning C4005: 'FD_ACCEPT': macro redefinition
  C:\Program Files (x86)\Windows Kits\8.1\Include\um\winsock.h(557): note: see previous definition of 'FD_ACCEPT'
C:\Program Files (x86)\Windows Kits\8.1\Include\um\WinSock2.h(563): warning C4005: 'FD_CONNECT': macro redefinition
  C:\Program Files (x86)\Windows Kits\8.1\Include\um\winsock.h(558): note: see previous definition of 'FD_CONNECT'
C:\Program Files (x86)\Windows Kits\8.1\Include\um\WinSock2.h(566): warning C4005: 'FD_CLOSE': macro redefinition
  C:\Program Files (x86)\Windows Kits\8.1\Include\um\winsock.h(559): note: see previous definition of 'FD_CLOSE'
C:\Program Files (x86)\Windows Kits\8.1\Include\um\WinSock2.h(1646): error C2375: 'accept': redefinition; different linkage
  C:\Program Files (x86)\Windows Kits\8.1\Include\um\winsock.h(734): note: see declaration of 'accept'
C:\Program Files (x86)\Windows Kits\8.1\Include\um\WinSock2.h(1668): error C2375: 'bind': redefinition; different linkage
  C:\Program Files (x86)\Windows Kits\8.1\Include\um\winsock.h(739): note: see declaration of 'bind'
C:\Program Files (x86)\Windows Kits\8.1\Include\um\WinSock2.h(1689): error C2375: 'closesocket': redefinition; different linkage
  C:\Program Files (x86)\Windows Kits\8.1\Include\um\winsock.h(744): note: see declaration of 'closesocket'
C:\Program Files (x86)\Windows Kits\8.1\Include\um\WinSock2.h(1706): error C2375: 'connect': redefinition; different linkage
  C:\Program Files (x86)\Windows Kits\8.1\Include\um\winsock.h(746): note: see declaration of 'connect'
C:\Program Files (x86)\Windows Kits\8.1\Include\um\WinSock2.h(1727): error C2375: 'ioctlsocket': redefinition; different linkage
  C:\Program Files (x86)\Windows Kits\8.1\Include\um\winsock.h(751): note: see declaration of 'ioctlsocket'
C:\Program Files (x86)\Windows Kits\8.1\Include\um\WinSock2.h(1748): error C2375: 'getpeername': redefinition; different linkage
  C:\Program Files (x86)\Windows Kits\8.1\Include\um\winsock.h(756): note: see declaration of 'getpeername'
C:\Program Files (x86)\Windows Kits\8.1\Include\um\WinSock2.h(1769): error C2375: 'getsockname': redefinition; different linkage
  C:\Program Files (x86)\Windows Kits\8.1\Include\um\winsock.h(761): note: see declaration of 'getsockname'
C:\Program Files (x86)\Windows Kits\8.1\Include\um\WinSock2.h(1790): error C2375: 'getsockopt': redefinition; different linkage
  C:\Program Files (x86)\Windows Kits\8.1\Include\um\winsock.h(766): note: see declaration of 'getsockopt'
C:\Program Files (x86)\Windows Kits\8.1\Include\um\WinSock2.h(1815): error C2375: 'htonl': redefinition; different linkage
  C:\Program Files (x86)\Windows Kits\8.1\Include\um\winsock.h(773): note: see declaration of 'htonl'
C:\Program Files (x86)\Windows Kits\8.1\Include\um\WinSock2.h(1832): error C2375: 'htons': redefinition; different linkage
  C:\Program Files (x86)\Windows Kits\8.1\Include\um\winsock.h(775): note: see declaration of 'htons'
C:\Program Files (x86)\Windows Kits\8.1\Include\um\WinSock2.h(1850): error C2375: 'inet_addr': redefinition; different linkage
  C:\Program Files (x86)\Windows Kits\8.1\Include\um\winsock.h(777): note: see declaration of 'inet_addr'
C:\Program Files (x86)\Windows Kits\8.1\Include\um\WinSock2.h(1868): error C2375: 'inet_ntoa': redefinition; different linkage
  C:\Program Files (x86)\Windows Kits\8.1\Include\um\winsock.h(779): note: see declaration of 'inet_ntoa'
C:\Program Files (x86)\Windows Kits\8.1\Include\um\WinSock2.h(1968): error C2375: 'listen': redefinition; different linkage
  C:\Program Files (x86)\Windows Kits\8.1\Include\um\winsock.h(781): note: see declaration of 'listen'
C:\Program Files (x86)\Windows Kits\8.1\Include\um\WinSock2.h(1987): error C2375: 'ntohl': redefinition; different linkage
  C:\Program Files (x86)\Windows Kits\8.1\Include\um\winsock.h(785): note: see declaration of 'ntohl'
C:\Program Files (x86)\Windows Kits\8.1\Include\um\WinSock2.h(2004): error C2375: 'ntohs': redefinition; different linkage
  C:\Program Files (x86)\Windows Kits\8.1\Include\um\winsock.h(787): note: see declaration of 'ntohs'
C:\Program Files (x86)\Windows Kits\8.1\Include\um\WinSock2.h(2021): error C2375: 'recv': redefinition; different linkage
  C:\Program Files (x86)\Windows Kits\8.1\Include\um\winsock.h(789): note: see declaration of 'recv'
C:\Program Files (x86)\Windows Kits\8.1\Include\um\WinSock2.h(2044): error C2375: 'recvfrom': redefinition; different linkage
  C:\Program Files (x86)\Windows Kits\8.1\Include\um\winsock.h(795): note: see declaration of 'recvfrom'
C:\Program Files (x86)\Windows Kits\8.1\Include\um\WinSock2.h(2071): error C2375: 'select': redefinition; different linkage
  C:\Program Files (x86)\Windows Kits\8.1\Include\um\winsock.h(803): note: see declaration of 'select'
C:\Program Files (x86)\Windows Kits\8.1\Include\um\WinSock2.h(2096): error C2375: 'send': redefinition; different linkage
  C:\Program Files (x86)\Windows Kits\8.1\Include\um\winsock.h(810): note: see declaration of 'send'
C:\Program Files (x86)\Windows Kits\8.1\Include\um\WinSock2.h(2119): error C2375: 'sendto': redefinition; different linkage
  C:\Program Files (x86)\Windows Kits\8.1\Include\um\winsock.h(816): note: see declaration of 'sendto'
C:\Program Files (x86)\Windows Kits\8.1\Include\um\WinSock2.h(2146): error C2375: 'setsockopt': redefinition; different linkage
  C:\Program Files (x86)\Windows Kits\8.1\Include\um\winsock.h(824): note: see declaration of 'setsockopt'
C:\Program Files (x86)\Windows Kits\8.1\Include\um\WinSock2.h(2171): error C2375: 'shutdown': redefinition; different linkage
  C:\Program Files (x86)\Windows Kits\8.1\Include\um\winsock.h(831): note: see declaration of 'shutdown'
C:\Program Files (x86)\Windows Kits\8.1\Include\um\WinSock2.h(2191): error C2375: 'socket': redefinition; different linkage
  C:\Program Files (x86)\Windows Kits\8.1\Include\um\winsock.h(835): note: see declaration of 'socket'
C:\Program Files (x86)\Windows Kits\8.1\Include\um\WinSock2.h(2216): error C2375: 'gethostbyaddr': redefinition; different linkage
  C:\Program Files (x86)\Windows Kits\8.1\Include\um\winsock.h(842): note: see declaration of 'gethostbyaddr'
C:\Program Files (x86)\Windows Kits\8.1\Include\um\WinSock2.h(2238): error C2375: 'gethostbyname': redefinition; different linkage
  C:\Program Files (x86)\Windows Kits\8.1\Include\um\winsock.h(847): note: see declaration of 'gethostbyname'
C:\Program Files (x86)\Windows Kits\8.1\Include\um\WinSock2.h(2255): error C2375: 'gethostname': redefinition; different linkage
  C:\Program Files (x86)\Windows Kits\8.1\Include\um\winsock.h(849): note: see declaration of 'gethostname'
C:\Program Files (x86)\Windows Kits\8.1\Include\um\WinSock2.h(2295): error C2375: 'getservbyport': redefinition; different linkage
  C:\Program Files (x86)\Windows Kits\8.1\Include\um\winsock.h(853): note: see declaration of 'getservbyport'
C:\Program Files (x86)\Windows Kits\8.1\Include\um\WinSock2.h(2314): error C2375: 'getservbyname': redefinition; different linkage
  C:\Program Files (x86)\Windows Kits\8.1\Include\um\winsock.h(857): note: see declaration of 'getservbyname'
C:\Program Files (x86)\Windows Kits\8.1\Include\um\WinSock2.h(2333): error C2375: 'getprotobynumber': redefinition; different linkage
  C:\Program Files (x86)\Windows Kits\8.1\Include\um\winsock.h(861): note: see declaration of 'getprotobynumber'
C:\Program Files (x86)\Windows Kits\8.1\Include\um\WinSock2.h(2350): error C2375: 'getprotobyname': redefinition; different linkage
  C:\Program Files (x86)\Windows Kits\8.1\Include\um\winsock.h(863): note: see declaration of 'getprotobyname'
C:\Program Files (x86)\Windows Kits\8.1\Include\um\WinSock2.h(2370): error C2375: 'WSAStartup': redefinition; different linkage
  C:\Program Files (x86)\Windows Kits\8.1\Include\um\winsock.h(867): note: see declaration of 'WSAStartup'
C:\Program Files (x86)\Windows Kits\8.1\Include\um\WinSock2.h(2390): error C2375: 'WSACleanup': redefinition; different linkage
  C:\Program Files (x86)\Windows Kits\8.1\Include\um\winsock.h(871): note: see declaration of 'WSACleanup'
C:\Program Files (x86)\Windows Kits\8.1\Include\um\WinSock2.h(2407): error C2375: 'WSASetLastError': redefinition; different linkage
  C:\Program Files (x86)\Windows Kits\8.1\Include\um\winsock.h(873): note: see declaration of 'WSASetLastError'
C:\Program Files (x86)\Windows Kits\8.1\Include\um\WinSock2.h(2424): error C2375: 'WSAGetLastError': redefinition; different linkage
  C:\Program Files (x86)\Windows Kits\8.1\Include\um\winsock.h(875): note: see declaration of 'WSAGetLastError'
C:\Program Files (x86)\Windows Kits\8.1\Include\um\WinSock2.h(2445): error C2375: 'WSAIsBlocking': redefinition; different linkage
  C:\Program Files (x86)\Windows Kits\8.1\Include\um\winsock.h(877): note: see declaration of 'WSAIsBlocking'
C:\Program Files (x86)\Windows Kits\8.1\Include\um\WinSock2.h(2463): error C2375: 'WSAUnhookBlockingHook': redefinition; different linkage
  C:\Program Files (x86)\Windows Kits\8.1\Include\um\winsock.h(879): note: see declaration of 'WSAUnhookBlockingHook'
C:\Program Files (x86)\Windows Kits\8.1\Include\um\WinSock2.h(2481): error C2375: 'WSASetBlockingHook': redefinition; different linkage
  C:\Program Files (x86)\Windows Kits\8.1\Include\um\winsock.h(881): note: see declaration of 'WSASetBlockingHook'
C:\Program Files (x86)\Windows Kits\8.1\Include\um\WinSock2.h(2499): error C2375: 'WSACancelBlockingCall': redefinition; different linkage
  C:\Program Files (x86)\Windows Kits\8.1\Include\um\winsock.h(883): note: see declaration of 'WSACancelBlockingCall'
C:\Program Files (x86)\Windows Kits\8.1\Include\um\WinSock2.h(2517): error C2375: 'WSAAsyncGetServByName': redefinition; different linkage
  C:\Program Files (x86)\Windows Kits\8.1\Include\um\winsock.h(885): note: see declaration of 'WSAAsyncGetServByName'
C:\Program Files (x86)\Windows Kits\8.1\Include\um\WinSock2.h(2545): error C2375: 'WSAAsyncGetServByPort': redefinition; different linkage
  C:\Program Files (x86)\Windows Kits\8.1\Include\um\winsock.h(893): note: see declaration of 'WSAAsyncGetServByPort'
C:\Program Files (x86)\Windows Kits\8.1\Include\um\WinSock2.h(2573): error C2375: 'WSAAsyncGetProtoByName': redefinition; different linkage
  C:\Program Files (x86)\Windows Kits\8.1\Include\um\winsock.h(901): note: see declaration of 'WSAAsyncGetProtoByName'
C:\Program Files (x86)\Windows Kits\8.1\Include\um\WinSock2.h(2599): error C2375: 'WSAAsyncGetProtoByNumber': redefinition; different linkage
  C:\Program Files (x86)\Windows Kits\8.1\Include\um\winsock.h(908): note: see declaration of 'WSAAsyncGetProtoByNumber'
C:\Program Files (x86)\Windows Kits\8.1\Include\um\WinSock2.h(2625): error C2375: 'WSAAsyncGetHostByName': redefinition; different linkage
  C:\Program Files (x86)\Windows Kits\8.1\Include\um\winsock.h(915): note: see declaration of 'WSAAsyncGetHostByName'
C:\Program Files (x86)\Windows Kits\8.1\Include\um\WinSock2.h(2651): error C2375: 'WSAAsyncGetHostByAddr': redefinition; different linkage
  C:\Program Files (x86)\Windows Kits\8.1\Include\um\winsock.h(922): note: see declaration of 'WSAAsyncGetHostByAddr'
C:\Program Files (x86)\Windows Kits\8.1\Include\um\WinSock2.h(2681): error C2375: 'WSACancelAsyncRequest': redefinition; different linkage
  C:\Program Files (x86)\Windows Kits\8.1\Include\um\winsock.h(931): note: see declaration of 'WSACancelAsyncRequest'
C:\Program Files (x86)\Windows Kits\8.1\Include\um\WinSock2.h(2699): error C2375: 'WSAAsyncSelect': redefinition; different linkage
  C:\Program Files (x86)\Windows Kits\8.1\Include\um\winsock.h(933): note: see declaration of 'WSAAsyncSelect'
  stdafx.cpp
